<?xml version="1.0" encoding="UTF-8"?>
<!-- Generated by org.testng.reporters.JUnitReportReporter -->
<testsuite skipped="0" hostname="Acer" name="script.TestDemo" tests="1" failures="0" timestamp="26 Sep 2018 10:06:14 GMT" time="45.727" errors="0">
  <testcase name="TestA" time="45.727" classname="script.TestDemo"/>
</testsuite> <!-- script.TestDemo -->
